<?xml version="1.0" encoding="UTF-8"?>
<!-- Generated by org.testng.reporters.JUnitXMLReporter -->
<testsuite hostname="LAPTOP-BF6O2SVC" ignored="8" name="Default test" tests="28" failures="1" timestamp="2020-02-03T01:30:41 CET" time="23.029" errors="0">
  <testcase name="CreateResponseTimevalidation" time="0.016" classname="APITest.PUT_UpdateEmp_Validation_Test"/>
  <testcase name="StatusLine_PUTRequest" time="0.0" classname="APITest.PUT_UpdateEmp_Validation_Test"/>
  <testcase name="Statuscode_PUTRequest" time="0.003" classname="APITest.PUT_UpdateEmp_Validation_Test"/>
  <testcase name="bodyvalidation_PUTRequest" time="0.63" classname="APITest.PUT_UpdateEmp_Validation_Test"/>
  <testcase name="headervalidation" time="0.004" classname="APITest.PUT_UpdateEmp_Validation_Test"/>
  <testcase name="payload_BodyPUTRequest" time="0.019" classname="APITest.PUT_UpdateEmp_Validation_Test"/>
  <testcase name="PerfResponseTimevalidation" time="0.004" classname="APITest.GetRequestValidation_Test"/>
  <testcase name="StatusLine_GetRequest" time="0.004" classname="APITest.GetRequestValidation_Test"/>
  <testcase name="Statuscode_GetRequest" time="0.0" classname="APITest.GetRequestValidation_Test"/>
  <testcase name="bodyvalidation_GetRequest" time="0.589" classname="APITest.GetRequestValidation_Test"/>
  <testcase name="headervalidation" time="0.003" classname="APITest.GetRequestValidation_Test"/>
  <testcase name="payload_GetRequest" time="0.02" classname="APITest.GetRequestValidation_Test"/>
  <testcase name="PerfResponseTimevalidation" time="0.004" classname="APITest.Get_SingleEmployeeValidation_Test"/>
  <testcase name="StatusLine_GetRequest" time="0.0" classname="APITest.Get_SingleEmployeeValidation_Test"/>
  <testcase name="Statuscode_GetRequest" time="0.0" classname="APITest.Get_SingleEmployeeValidation_Test"/>
  <testcase name="headervalidation" time="0.004" classname="APITest.Get_SingleEmployeeValidation_Test"/>
  <testcase name="payload_GetRequest" time="0.034" classname="APITest.Get_SingleEmployeeValidation_Test"/>
  <testcase name="CreateResponseTimevalidation" time="0.0" classname="APITest.Post_CreateEmployee_Validation_Test"/>
  <testcase name="StatusLine_POSTRequest" time="0.0" classname="APITest.Post_CreateEmployee_Validation_Test"/>
  <testcase name="Statuscode_POSTRequest" time="0.0" classname="APITest.Post_CreateEmployee_Validation_Test"/>
  <testcase name="bodyvalidation_POSTRequest" time="0.014" classname="APITest.Post_CreateEmployee_Validation_Test"/>
  <testcase name="headervalidation" time="0.004" classname="APITest.Post_CreateEmployee_Validation_Test"/>
  <testcase name="payload_BodyPOSTRequest" time="0.016" classname="APITest.Post_CreateEmployee_Validation_Test"/>
  <testcase name="CreateResponseTimevalidation" time="0.004" classname="APITest.DELETE_Employee_Validation_Test">
    <failure type="java.lang.NullPointerException">
      <![CDATA[java.lang.NullPointerException
at APITest.DELETE_Employee_Validation_Test.CreateResponseTimevalidation(DELETE_Employee_Validation_Test.java:74)
at sun.reflect.NativeMethodAccessorImpl.invoke0(Native Method)
at sun.reflect.NativeMethodAccessorImpl.invoke(NativeMethodAccessorImpl.java:62)
at sun.reflect.DelegatingMethodAccessorImpl.invoke(DelegatingMethodAccessorImpl.java:43)
at java.lang.reflect.Method.invoke(Method.java:498)
at org.testng.internal.MethodInvocationHelper.invokeMethod(MethodInvocationHelper.java:134)
at org.testng.internal.TestInvoker.invokeMethod(TestInvoker.java:597)
at org.testng.internal.TestInvoker.invokeTestMethod(TestInvoker.java:173)
at org.testng.internal.MethodRunner.runInSequence(MethodRunner.java:46)
at org.testng.internal.TestInvoker$MethodInvocationAgent.invoke(TestInvoker.java:816)
at org.testng.internal.TestInvoker.invokeTestMethods(TestInvoker.java:146)
at org.testng.internal.TestMethodWorker.invokeTestMethods(TestMethodWorker.java:146)
at org.testng.internal.TestMethodWorker.run(TestMethodWorker.java:128)
at java.util.ArrayList.forEach(ArrayList.java:1257)
at org.testng.TestRunner.privateRun(TestRunner.java:766)
at org.testng.TestRunner.run(TestRunner.java:587)
at org.testng.SuiteRunner.runTest(SuiteRunner.java:384)
at org.testng.SuiteRunner.runSequentially(SuiteRunner.java:378)
at org.testng.SuiteRunner.privateRun(SuiteRunner.java:337)
at org.testng.SuiteRunner.run(SuiteRunner.java:286)
at org.testng.SuiteRunnerWorker.runSuite(SuiteRunnerWorker.java:53)
at org.testng.SuiteRunnerWorker.run(SuiteRunnerWorker.java:96)
at org.testng.TestNG.runSuitesSequentially(TestNG.java:1187)
at org.testng.TestNG.runSuitesLocally(TestNG.java:1109)
at org.testng.TestNG.runSuites(TestNG.java:1039)
at org.testng.TestNG.run(TestNG.java:1007)
at org.testng.remote.AbstractRemoteTestNG.run(AbstractRemoteTestNG.java:115)
at org.testng.remote.RemoteTestNG.initAndRun(RemoteTestNG.java:251)
at org.testng.remote.RemoteTestNG.main(RemoteTestNG.java:77)
]]>
    </failure>
  </testcase> <!-- CreateResponseTimevalidation -->
  <testcase name="StatusLine_DeleteRequest" time="0.004" classname="APITest.DELETE_Employee_Validation_Test"/>
  <testcase name="Statuscode_DeleteRequest" time="0.004" classname="APITest.DELETE_Employee_Validation_Test"/>
  <testcase name="bodyvalidation_POSTRequest" time="0.026" classname="APITest.DELETE_Employee_Validation_Test"/>
  <testcase name="headervalidation" time="0.004" classname="APITest.DELETE_Employee_Validation_Test"/>
  <testcase name="@BeforeSuite ReportSetup" time="0.0" classname="RequestValidations.ExtentReporting">
    <ignored/>
  </testcase> <!-- @BeforeSuite ReportSetup -->
  <testcase name="@BeforeSuite ReportSetup" time="0.0" classname="RequestValidations.ExtentReporting">
    <ignored/>
  </testcase> <!-- @BeforeSuite ReportSetup -->
  <testcase name="@BeforeSuite ReportSetup" time="0.0" classname="RequestValidations.ExtentReporting">
    <ignored/>
  </testcase> <!-- @BeforeSuite ReportSetup -->
  <testcase name="@BeforeSuite ReportSetup" time="0.0" classname="RequestValidations.ExtentReporting">
    <ignored/>
  </testcase> <!-- @BeforeSuite ReportSetup -->
  <testcase name="@AfterSuite ReportDone" time="0.0" classname="RequestValidations.ExtentReporting">
    <ignored/>
  </testcase> <!-- @AfterSuite ReportDone -->
  <testcase name="@AfterSuite ReportDone" time="0.0" classname="RequestValidations.ExtentReporting">
    <ignored/>
  </testcase> <!-- @AfterSuite ReportDone -->
  <testcase name="@AfterSuite ReportDone" time="0.0" classname="RequestValidations.ExtentReporting">
    <ignored/>
  </testcase> <!-- @AfterSuite ReportDone -->
  <testcase name="@AfterSuite ReportDone" time="0.0" classname="RequestValidations.ExtentReporting">
    <ignored/>
  </testcase> <!-- @AfterSuite ReportDone -->
</testsuite> <!-- Default test -->
