<?xml version="1.0" encoding="UTF-8" ?>
<testsuite tests="28" failures="0" name="TestSuite" time="1.503" errors="0" skipped="0">
  <properties>
[...]
</properties>
  <testcase classname="APITest.DELETE_Employee_Validation_Test" name="CreateResponseTimevalidation" time="0.018"/>
  <testcase classname="APITest.DELETE_Employee_Validation_Test" name="StatusLine_DeleteRequest" time="0.008"/>
  <testcase classname="APITest.DELETE_Employee_Validation_Test" name="Statuscode_DeleteRequest" time="0.002"/>
  <testcase classname="APITest.DELETE_Employee_Validation_Test" name="bodyvalidation_POSTRequest" time="0.54"/>
  <testcase classname="APITest.DELETE_Employee_Validation_Test" name="headervalidation" time="0"/>
  <testcase classname="APITest.GetRequestValidation_Test" name="PerfResponseTimevalidation" time="0.004"/>
  <testcase classname="APITest.GetRequestValidation_Test" name="StatusLine_GetRequest" time="0"/>
  <testcase classname="APITest.GetRequestValidation_Test" name="Statuscode_GetRequest" time="0.001"/>
  <testcase classname="APITest.GetRequestValidation_Test" name="bodyvalidation_GetRequest" time="0.662"/>
  <testcase classname="APITest.GetRequestValidation_Test" name="headervalidation" time="0"/>
  <testcase classname="APITest.GetRequestValidation_Test" name="payload_GetRequest" time="0.019"/>
  <testcase classname="APITest.Get_SingleEmployeeValidation_Test" name="PerfResponseTimevalidation" time="0"/>
  <testcase classname="APITest.Get_SingleEmployeeValidation_Test" name="StatusLine_GetRequest" time="0.002"/>
  <testcase classname="APITest.Get_SingleEmployeeValidation_Test" name="Statuscode_GetRequest" time="0"/>
  <testcase classname="APITest.Get_SingleEmployeeValidation_Test" name="headervalidation" time="0.002"/>
  <testcase classname="APITest.Get_SingleEmployeeValidation_Test" name="payload_GetRequest" time="0.155"/>
  <testcase classname="APITest.Post_CreateEmployee_Validation_Test" name="CreateResponseTimevalidation" time="0.002"/>
  <testcase classname="APITest.Post_CreateEmployee_Validation_Test" name="StatusLine_POSTRequest" time="0"/>
  <testcase classname="APITest.Post_CreateEmployee_Validation_Test" name="Statuscode_POSTRequest" time="0.004"/>
  <testcase classname="APITest.Post_CreateEmployee_Validation_Test" name="bodyvalidation_POSTRequest" time="0.012"/>
  <testcase classname="APITest.Post_CreateEmployee_Validation_Test" name="headervalidation" time="0.003"/>
  <testcase classname="APITest.Post_CreateEmployee_Validation_Test" name="payload_BodyPOSTRequest" time="0.024"/>
  <testcase classname="APITest.PUT_UpdateEmp_Validation_Test" name="CreateResponseTimevalidation" time="0"/>
  <testcase classname="APITest.PUT_UpdateEmp_Validation_Test" name="StatusLine_PUTRequest" time="0"/>
  <testcase classname="APITest.PUT_UpdateEmp_Validation_Test" name="Statuscode_PUTRequest" time="0"/>
  <testcase classname="APITest.PUT_UpdateEmp_Validation_Test" name="bodyvalidation_PUTRequest" time="0.032"/>
  <testcase classname="APITest.PUT_UpdateEmp_Validation_Test" name="headervalidation" time="0.001"/>
  <testcase classname="APITest.PUT_UpdateEmp_Validation_Test" name="payload_BodyPUTRequest" time="0.012"/>
</testsuite>