<?xml version="1.0" encoding="UTF-8"?>
<!-- Generated by org.testng.reporters.JUnitXMLReporter -->
<testsuite hostname="LAPTOP-BF6O2SVC" ignored="8" name="Command line test" tests="28" failures="0" timestamp="2020-02-03T01:58:31 CET" time="22.529" errors="0">
  <testcase name="CreateResponseTimevalidation" time="0.01" classname="APITest.DELETE_Employee_Validation_Test"/>
  <testcase name="StatusLine_DeleteRequest" time="0.0" classname="APITest.DELETE_Employee_Validation_Test"/>
  <testcase name="Statuscode_DeleteRequest" time="0.0" classname="APITest.DELETE_Employee_Validation_Test"/>
  <testcase name="bodyvalidation_POSTRequest" time="0.54" classname="APITest.DELETE_Employee_Validation_Test"/>
  <testcase name="headervalidation" time="0.0" classname="APITest.DELETE_Employee_Validation_Test"/>
  <testcase name="PerfResponseTimevalidation" time="0.0" classname="APITest.GetRequestValidation_Test"/>
  <testcase name="StatusLine_GetRequest" time="0.0" classname="APITest.GetRequestValidation_Test"/>
  <testcase name="Statuscode_GetRequest" time="0.0" classname="APITest.GetRequestValidation_Test"/>
  <testcase name="bodyvalidation_GetRequest" time="0.662" classname="APITest.GetRequestValidation_Test"/>
  <testcase name="headervalidation" time="0.0" classname="APITest.GetRequestValidation_Test"/>
  <testcase name="payload_GetRequest" time="0.019" classname="APITest.GetRequestValidation_Test"/>
  <testcase name="PerfResponseTimevalidation" time="0.0" classname="APITest.Get_SingleEmployeeValidation_Test"/>
  <testcase name="StatusLine_GetRequest" time="0.0" classname="APITest.Get_SingleEmployeeValidation_Test"/>
  <testcase name="Statuscode_GetRequest" time="0.0" classname="APITest.Get_SingleEmployeeValidation_Test"/>
  <testcase name="headervalidation" time="0.002" classname="APITest.Get_SingleEmployeeValidation_Test"/>
  <testcase name="payload_GetRequest" time="0.055" classname="APITest.Get_SingleEmployeeValidation_Test"/>
  <testcase name="CreateResponseTimevalidation" time="0.0" classname="APITest.Post_CreateEmployee_Validation_Test"/>
  <testcase name="StatusLine_POSTRequest" time="0.0" classname="APITest.Post_CreateEmployee_Validation_Test"/>
  <testcase name="Statuscode_POSTRequest" time="0.0" classname="APITest.Post_CreateEmployee_Validation_Test"/>
  <testcase name="bodyvalidation_POSTRequest" time="0.012" classname="APITest.Post_CreateEmployee_Validation_Test"/>
  <testcase name="headervalidation" time="0.0" classname="APITest.Post_CreateEmployee_Validation_Test"/>
  <testcase name="payload_BodyPOSTRequest" time="0.012" classname="APITest.Post_CreateEmployee_Validation_Test"/>
  <testcase name="CreateResponseTimevalidation" time="0.0" classname="APITest.PUT_UpdateEmp_Validation_Test"/>
  <testcase name="StatusLine_PUTRequest" time="0.0" classname="APITest.PUT_UpdateEmp_Validation_Test"/>
  <testcase name="Statuscode_PUTRequest" time="0.004" classname="APITest.PUT_UpdateEmp_Validation_Test"/>
  <testcase name="bodyvalidation_PUTRequest" time="0.032" classname="APITest.PUT_UpdateEmp_Validation_Test"/>
  <testcase name="headervalidation" time="0.003" classname="APITest.PUT_UpdateEmp_Validation_Test"/>
  <testcase name="payload_BodyPUTRequest" time="0.012" classname="APITest.PUT_UpdateEmp_Validation_Test"/>
  <testcase name="@BeforeSuite ReportSetup" time="0.0" classname="RequestValidations.ExtentReporting">
    <ignored/>
  </testcase> <!-- @BeforeSuite ReportSetup -->
  <testcase name="@BeforeSuite ReportSetup" time="0.0" classname="RequestValidations.ExtentReporting">
    <ignored/>
  </testcase> <!-- @BeforeSuite ReportSetup -->
  <testcase name="@BeforeSuite ReportSetup" time="0.0" classname="RequestValidations.ExtentReporting">
    <ignored/>
  </testcase> <!-- @BeforeSuite ReportSetup -->
  <testcase name="@BeforeSuite ReportSetup" time="0.0" classname="RequestValidations.ExtentReporting">
    <ignored/>
  </testcase> <!-- @BeforeSuite ReportSetup -->
  <testcase name="@AfterSuite ReportDone" time="0.0" classname="RequestValidations.ExtentReporting">
    <ignored/>
  </testcase> <!-- @AfterSuite ReportDone -->
  <testcase name="@AfterSuite ReportDone" time="0.0" classname="RequestValidations.ExtentReporting">
    <ignored/>
  </testcase> <!-- @AfterSuite ReportDone -->
  <testcase name="@AfterSuite ReportDone" time="0.0" classname="RequestValidations.ExtentReporting">
    <ignored/>
  </testcase> <!-- @AfterSuite ReportDone -->
  <testcase name="@AfterSuite ReportDone" time="0.0" classname="RequestValidations.ExtentReporting">
    <ignored/>
  </testcase> <!-- @AfterSuite ReportDone -->
</testsuite> <!-- Command line test -->
